<?xml version="1.0" encoding="UTF-8"?>
<testsuite name="PadrÃ£o Decorator" tests="3" skipped="0" failures="0" errors="0" timestamp="2023-05-05T03:49:06" hostname="LAPTOP-BB4B7ERT" time="0.037">
  <properties/>
  <testcase name="Ingredientes devem ter o preÃ§o certo" classname="DecoratorTest" time="0.031"/>
  <testcase name="Deve ter os quatro ingredientes" classname="DecoratorTest" time="0.002"/>
  <testcase name="Ingredientes devem poder ser combinados" classname="DecoratorTest" time="0.002"/>
  <system-out><![CDATA[]]></system-out>
  <system-err><![CDATA[]]></system-err>
</testsuite>
